  [1m[35m (145.1ms)[0m  [1m[35mCREATE TABLE `schema_migrations` (`version` varchar(255) PRIMARY KEY) ENGINE=InnoDB[0m
  [1m[35m (19.9ms)[0m  [1m[35mCREATE TABLE `ar_internal_metadata` (`key` varchar(255) PRIMARY KEY, `value` varchar(255), `created_at` datetime NOT NULL, `updated_at` datetime NOT NULL) ENGINE=InnoDB[0m
  [1m[35m (0.2ms)[0m  [1m[34mSELECT DATABASE() as db[0m
  [1m[35m (6.6ms)[0m  [1m[34mSELECT GET_LOCK('8445024276154775190', 0);[0m
  [1m[36mActiveRecord::SchemaMigration Load (5.4ms)[0m  [1m[34mSELECT `schema_migrations`.* FROM `schema_migrations`[0m
Migrating to DeviseCreateUsers (20200421014051)
  [1m[35m (25.3ms)[0m  [1m[35mCREATE TABLE `users` (`id` int AUTO_INCREMENT PRIMARY KEY, `name` varchar(255) NOT NULL, `email` varchar(255) DEFAULT '' NOT NULL, `encrypted_password` varchar(255) DEFAULT '' NOT NULL, `reset_password_token` varchar(255), `reset_password_sent_at` datetime, `remember_created_at` datetime, `created_at` datetime NOT NULL, `updated_at` datetime NOT NULL) ENGINE=InnoDB[0m
  [1m[35m (27.4ms)[0m  [1m[35mCREATE UNIQUE INDEX `index_users_on_name`  ON `users` (`name`) [0m
  [1m[35m (13.2ms)[0m  [1m[35mCREATE UNIQUE INDEX `index_users_on_reset_password_token`  ON `users` (`reset_password_token`) [0m
  [1m[35m (0.7ms)[0m  [1m[35mBEGIN[0m
  [1m[35mSQL (5.6ms)[0m  [1m[32mINSERT INTO `schema_migrations` (`version`) VALUES ('20200421014051')[0m
  [1m[35m (0.5ms)[0m  [1m[35mCOMMIT[0m
  [1m[36mActiveRecord::InternalMetadata Load (0.3ms)[0m  [1m[34mSELECT  `ar_internal_metadata`.* FROM `ar_internal_metadata` WHERE `ar_internal_metadata`.`key` = 'environment' LIMIT 1[0m
  [1m[35m (0.3ms)[0m  [1m[35mBEGIN[0m
  [1m[35mSQL (0.4ms)[0m  [1m[32mINSERT INTO `ar_internal_metadata` (`key`, `value`, `created_at`, `updated_at`) VALUES ('environment', 'development', '2020-04-21 01:56:14', '2020-04-21 01:56:14')[0m
  [1m[35m (3.5ms)[0m  [1m[35mCOMMIT[0m
  [1m[35m (0.4ms)[0m  [1m[34mSELECT RELEASE_LOCK('8445024276154775190')[0m
  [1m[36mActiveRecord::SchemaMigration Load (0.2ms)[0m  [1m[34mSELECT `schema_migrations`.* FROM `schema_migrations`[0m
  [1m[35m (0.3ms)[0m  [1m[35mSHOW CREATE TABLE `users`[0m
  [1m[35m (2.1ms)[0m  [1m[35mSHOW TABLE STATUS LIKE 'users'[0m
Started GET "/users/sign_up" for ::1 at 2020-04-21 11:15:00 +0900
  [1m[36mActiveRecord::SchemaMigration Load (0.6ms)[0m  [1m[34mSELECT `schema_migrations`.* FROM `schema_migrations`[0m
  
SyntaxError (/Users/hirano-masakazu/projects/chat-space/app/controllers/application_controller.rb:9: syntax error, unexpected ';', expecting ']'
...tizer.permit(:sign_up, keys: [;name])
...                              ^):
  
app/controllers/application_controller.rb:9: syntax error, unexpected ';', expecting ']'
  Rendering /Users/hirano-masakazu/.rbenv/versions/2.5.1/lib/ruby/gems/2.5.0/gems/actionpack-5.0.7.2/lib/action_dispatch/middleware/templates/rescues/diagnostics.html.erb within rescues/layout
  Rendering /Users/hirano-masakazu/.rbenv/versions/2.5.1/lib/ruby/gems/2.5.0/gems/actionpack-5.0.7.2/lib/action_dispatch/middleware/templates/rescues/_source.html.erb
  Rendered /Users/hirano-masakazu/.rbenv/versions/2.5.1/lib/ruby/gems/2.5.0/gems/actionpack-5.0.7.2/lib/action_dispatch/middleware/templates/rescues/_source.html.erb (3.7ms)
  Rendering /Users/hirano-masakazu/.rbenv/versions/2.5.1/lib/ruby/gems/2.5.0/gems/actionpack-5.0.7.2/lib/action_dispatch/middleware/templates/rescues/_trace.html.erb
  Rendered /Users/hirano-masakazu/.rbenv/versions/2.5.1/lib/ruby/gems/2.5.0/gems/actionpack-5.0.7.2/lib/action_dispatch/middleware/templates/rescues/_trace.html.erb (2.0ms)
  Rendering /Users/hirano-masakazu/.rbenv/versions/2.5.1/lib/ruby/gems/2.5.0/gems/actionpack-5.0.7.2/lib/action_dispatch/middleware/templates/rescues/_request_and_response.html.erb
  Rendered /Users/hirano-masakazu/.rbenv/versions/2.5.1/lib/ruby/gems/2.5.0/gems/actionpack-5.0.7.2/lib/action_dispatch/middleware/templates/rescues/_request_and_response.html.erb (14.6ms)
  Rendered /Users/hirano-masakazu/.rbenv/versions/2.5.1/lib/ruby/gems/2.5.0/gems/actionpack-5.0.7.2/lib/action_dispatch/middleware/templates/rescues/diagnostics.html.erb within rescues/layout (216.1ms)
Started GET "/users/sign_up" for ::1 at 2020-04-21 11:16:34 +0900
Processing by Devise::RegistrationsController#new as HTML
  Rendering devise/registrations/new.html.haml within layouts/application
  Rendered devise/shared/_links.html.haml (21.9ms)
DEPRECATION WARNING: [Devise] `DeviseHelper.devise_error_messages!`
is deprecated and it will be removed in the next major version.
To customize the errors styles please run `rails g devise:views` and modify the
`devise/shared/error_messages` partial.
 (called from block in _app_views_devise_registrations_new_html_haml__2168922116264342253_70361050886860 at /Users/hirano-masakazu/projects/chat-space/app/views/devise/registrations/new.html.haml:9)
  Rendered devise/registrations/new.html.haml within layouts/application (109.8ms)
Completed 200 OK in 2258ms (Views: 2230.4ms | ActiveRecord: 6.6ms)


Started POST "/users" for ::1 at 2020-04-21 11:17:09 +0900
Processing by Devise::RegistrationsController#create as HTML
  Parameters: {"utf8"=>"✓", "authenticity_token"=>"aDn9z6ARzGOtssJI3Q2SljB0j95HmoiH/X/zQMYrC6fr7q/ZShSYFJK8bk3Ks9yx2LZepzUYbtUnFLPBBfBgfA==", "user"=>{"name"=>"Hirano", "email"=>"123@gmail.com", "password"=>"[FILTERED]", "password_confirmation"=>"[FILTERED]"}, "commit"=>"Create Account"}
  [1m[35m (0.3ms)[0m  [1m[35mBEGIN[0m
  [1m[36mUser Exists (6.3ms)[0m  [1m[34mSELECT  1 AS one FROM `users` WHERE `users`.`email` = BINARY '123@gmail.com' LIMIT 1[0m
  [1m[36mUser Exists (2.0ms)[0m  [1m[34mSELECT  1 AS one FROM `users` WHERE `users`.`name` = BINARY 'Hirano' LIMIT 1[0m
  [1m[35mSQL (4.8ms)[0m  [1m[32mINSERT INTO `users` (`name`, `email`, `encrypted_password`, `created_at`, `updated_at`) VALUES ('Hirano', '123@gmail.com', '$2a$11$eVVqtHJGhuLABanbVLqwWu7UxwBsj282TYR/fL5GBEBGIXk8W3Uk2', '2020-04-21 02:17:09', '2020-04-21 02:17:09')[0m
  [1m[35m (0.9ms)[0m  [1m[35mCOMMIT[0m
Redirected to http://localhost:3000/
Completed 302 Found in 294ms (ActiveRecord: 14.2ms)


Started GET "/" for ::1 at 2020-04-21 11:17:09 +0900
Processing by MessagesController#index as HTML
  [1m[36mUser Load (1.3ms)[0m  [1m[34mSELECT  `users`.* FROM `users` WHERE `users`.`id` = 1 ORDER BY `users`.`id` ASC LIMIT 1[0m
  Rendering messages/index.html.haml within layouts/application
  Rendered messages/_side_bar.html.haml (4.2ms)
  Rendered messages/_main_chat.html.haml (7.5ms)
  Rendered messages/index.html.haml within layouts/application (22.8ms)
Completed 200 OK in 86ms (Views: 76.2ms | ActiveRecord: 1.3ms)


Started GET "/" for ::1 at 2020-04-21 11:19:40 +0900
Processing by MessagesController#index as HTML
  [1m[36mUser Load (0.4ms)[0m  [1m[34mSELECT  `users`.* FROM `users` WHERE `users`.`id` = 1 ORDER BY `users`.`id` ASC LIMIT 1[0m
  Rendering messages/index.html.haml within layouts/application
  Rendered messages/_side_bar.html.haml (4.4ms)
  Rendered messages/_main_chat.html.haml (9.4ms)
  Rendered messages/index.html.haml within layouts/application (25.6ms)
Completed 200 OK in 130ms (Views: 95.5ms | ActiveRecord: 13.2ms)


Started GET "/" for ::1 at 2020-04-21 11:21:39 +0900
Processing by MessagesController#index as HTML
  [1m[36mUser Load (0.5ms)[0m  [1m[34mSELECT  `users`.* FROM `users` WHERE `users`.`id` = 1 ORDER BY `users`.`id` ASC LIMIT 1[0m
  Rendering messages/index.html.haml within layouts/application
  Rendered messages/_side_bar.html.haml (4.3ms)
  Rendered messages/_main_chat.html.haml (8.0ms)
  Rendered messages/index.html.haml within layouts/application (23.3ms)
Completed 200 OK in 89ms (Views: 81.5ms | ActiveRecord: 0.5ms)


Started GET "/" for ::1 at 2020-04-21 11:22:11 +0900
Processing by MessagesController#index as HTML
  [1m[36mUser Load (0.5ms)[0m  [1m[34mSELECT  `users`.* FROM `users` WHERE `users`.`id` = 1 ORDER BY `users`.`id` ASC LIMIT 1[0m
  Rendering messages/index.html.haml within layouts/application
  Rendered messages/_side_bar.html.haml (5.3ms)
  Rendered messages/_main_chat.html.haml (9.3ms)
  Rendered messages/index.html.haml within layouts/application (24.7ms)
Completed 200 OK in 111ms (Views: 102.7ms | ActiveRecord: 0.5ms)


Started GET "/users/edit.html.haml" for ::1 at 2020-04-21 11:22:13 +0900
  
ActionController::RoutingError (No route matches [GET] "/users/edit.html.haml"):
  
actionpack (5.0.7.2) lib/action_dispatch/middleware/debug_exceptions.rb:53:in `call'
web-console (3.7.0) lib/web_console/middleware.rb:135:in `call_app'
web-console (3.7.0) lib/web_console/middleware.rb:30:in `block in call'
web-console (3.7.0) lib/web_console/middleware.rb:20:in `catch'
web-console (3.7.0) lib/web_console/middleware.rb:20:in `call'
actionpack (5.0.7.2) lib/action_dispatch/middleware/show_exceptions.rb:31:in `call'
railties (5.0.7.2) lib/rails/rack/logger.rb:36:in `call_app'
railties (5.0.7.2) lib/rails/rack/logger.rb:24:in `block in call'
activesupport (5.0.7.2) lib/active_support/tagged_logging.rb:69:in `block in tagged'
activesupport (5.0.7.2) lib/active_support/tagged_logging.rb:26:in `tagged'
activesupport (5.0.7.2) lib/active_support/tagged_logging.rb:69:in `tagged'
railties (5.0.7.2) lib/rails/rack/logger.rb:24:in `call'
sprockets-rails (3.2.1) lib/sprockets/rails/quiet_assets.rb:13:in `call'
actionpack (5.0.7.2) lib/action_dispatch/middleware/request_id.rb:24:in `call'
rack (2.2.2) lib/rack/method_override.rb:24:in `call'
rack (2.2.2) lib/rack/runtime.rb:22:in `call'
activesupport (5.0.7.2) lib/active_support/cache/strategy/local_cache_middleware.rb:28:in `call'
actionpack (5.0.7.2) lib/action_dispatch/middleware/executor.rb:12:in `call'
actionpack (5.0.7.2) lib/action_dispatch/middleware/static.rb:136:in `call'
rack (2.2.2) lib/rack/sendfile.rb:110:in `call'
railties (5.0.7.2) lib/rails/engine.rb:522:in `call'
puma (3.12.4) lib/puma/configuration.rb:227:in `call'
puma (3.12.4) lib/puma/server.rb:675:in `handle_request'
puma (3.12.4) lib/puma/server.rb:476:in `process_client'
puma (3.12.4) lib/puma/server.rb:334:in `block in run'
puma (3.12.4) lib/puma/thread_pool.rb:135:in `block in spawn_thread'
  Rendering /Users/hirano-masakazu/.rbenv/versions/2.5.1/lib/ruby/gems/2.5.0/gems/actionpack-5.0.7.2/lib/action_dispatch/middleware/templates/rescues/routing_error.html.erb within rescues/layout
  Rendering /Users/hirano-masakazu/.rbenv/versions/2.5.1/lib/ruby/gems/2.5.0/gems/actionpack-5.0.7.2/lib/action_dispatch/middleware/templates/rescues/_trace.html.erb
  Rendered /Users/hirano-masakazu/.rbenv/versions/2.5.1/lib/ruby/gems/2.5.0/gems/actionpack-5.0.7.2/lib/action_dispatch/middleware/templates/rescues/_trace.html.erb (1.7ms)
  Rendered collection of /Users/hirano-masakazu/.rbenv/versions/2.5.1/lib/ruby/gems/2.5.0/gems/actionpack-5.0.7.2/lib/action_dispatch/middleware/templates/routes/_route.html.erb [16 times] (26.8ms)
  Rendered /Users/hirano-masakazu/.rbenv/versions/2.5.1/lib/ruby/gems/2.5.0/gems/actionpack-5.0.7.2/lib/action_dispatch/middleware/templates/routes/_table.html.erb (6.8ms)
  Rendering /Users/hirano-masakazu/.rbenv/versions/2.5.1/lib/ruby/gems/2.5.0/gems/actionpack-5.0.7.2/lib/action_dispatch/middleware/templates/rescues/_request_and_response.html.erb
  Rendered /Users/hirano-masakazu/.rbenv/versions/2.5.1/lib/ruby/gems/2.5.0/gems/actionpack-5.0.7.2/lib/action_dispatch/middleware/templates/rescues/_request_and_response.html.erb (1.2ms)
  Rendered /Users/hirano-masakazu/.rbenv/versions/2.5.1/lib/ruby/gems/2.5.0/gems/actionpack-5.0.7.2/lib/action_dispatch/middleware/templates/rescues/routing_error.html.erb within rescues/layout (261.5ms)
Started GET "/" for ::1 at 2020-04-21 11:30:07 +0900
Processing by MessagesController#index as HTML
  [1m[36mUser Load (0.4ms)[0m  [1m[34mSELECT  `users`.* FROM `users` WHERE `users`.`id` = 1 ORDER BY `users`.`id` ASC LIMIT 1[0m
  Rendering messages/index.html.haml within layouts/application
  Rendered messages/_side_bar.html.haml (4.8ms)
  Rendered messages/_main_chat.html.haml (12.1ms)
  Rendered messages/index.html.haml within layouts/application (28.5ms)
Completed 200 OK in 137ms (Views: 104.2ms | ActiveRecord: 6.8ms)


Started GET "/edit_user_path(current_user)" for ::1 at 2020-04-21 11:30:10 +0900
  
ActionController::RoutingError (No route matches [GET] "/edit_user_path(current_user)"):
  
actionpack (5.0.7.2) lib/action_dispatch/middleware/debug_exceptions.rb:53:in `call'
web-console (3.7.0) lib/web_console/middleware.rb:135:in `call_app'
web-console (3.7.0) lib/web_console/middleware.rb:30:in `block in call'
web-console (3.7.0) lib/web_console/middleware.rb:20:in `catch'
web-console (3.7.0) lib/web_console/middleware.rb:20:in `call'
actionpack (5.0.7.2) lib/action_dispatch/middleware/show_exceptions.rb:31:in `call'
railties (5.0.7.2) lib/rails/rack/logger.rb:36:in `call_app'
railties (5.0.7.2) lib/rails/rack/logger.rb:24:in `block in call'
activesupport (5.0.7.2) lib/active_support/tagged_logging.rb:69:in `block in tagged'
activesupport (5.0.7.2) lib/active_support/tagged_logging.rb:26:in `tagged'
activesupport (5.0.7.2) lib/active_support/tagged_logging.rb:69:in `tagged'
railties (5.0.7.2) lib/rails/rack/logger.rb:24:in `call'
sprockets-rails (3.2.1) lib/sprockets/rails/quiet_assets.rb:13:in `call'
actionpack (5.0.7.2) lib/action_dispatch/middleware/request_id.rb:24:in `call'
rack (2.2.2) lib/rack/method_override.rb:24:in `call'
rack (2.2.2) lib/rack/runtime.rb:22:in `call'
activesupport (5.0.7.2) lib/active_support/cache/strategy/local_cache_middleware.rb:28:in `call'
actionpack (5.0.7.2) lib/action_dispatch/middleware/executor.rb:12:in `call'
actionpack (5.0.7.2) lib/action_dispatch/middleware/static.rb:136:in `call'
rack (2.2.2) lib/rack/sendfile.rb:110:in `call'
railties (5.0.7.2) lib/rails/engine.rb:522:in `call'
puma (3.12.4) lib/puma/configuration.rb:227:in `call'
puma (3.12.4) lib/puma/server.rb:675:in `handle_request'
puma (3.12.4) lib/puma/server.rb:476:in `process_client'
puma (3.12.4) lib/puma/server.rb:334:in `block in run'
puma (3.12.4) lib/puma/thread_pool.rb:135:in `block in spawn_thread'
  Rendering /Users/hirano-masakazu/.rbenv/versions/2.5.1/lib/ruby/gems/2.5.0/gems/actionpack-5.0.7.2/lib/action_dispatch/middleware/templates/rescues/routing_error.html.erb within rescues/layout
  Rendering /Users/hirano-masakazu/.rbenv/versions/2.5.1/lib/ruby/gems/2.5.0/gems/actionpack-5.0.7.2/lib/action_dispatch/middleware/templates/rescues/_trace.html.erb
  Rendered /Users/hirano-masakazu/.rbenv/versions/2.5.1/lib/ruby/gems/2.5.0/gems/actionpack-5.0.7.2/lib/action_dispatch/middleware/templates/rescues/_trace.html.erb (1.3ms)
  Rendered collection of /Users/hirano-masakazu/.rbenv/versions/2.5.1/lib/ruby/gems/2.5.0/gems/actionpack-5.0.7.2/lib/action_dispatch/middleware/templates/routes/_route.html.erb [19 times] (7.1ms)
  Rendered /Users/hirano-masakazu/.rbenv/versions/2.5.1/lib/ruby/gems/2.5.0/gems/actionpack-5.0.7.2/lib/action_dispatch/middleware/templates/routes/_table.html.erb (1.3ms)
  Rendering /Users/hirano-masakazu/.rbenv/versions/2.5.1/lib/ruby/gems/2.5.0/gems/actionpack-5.0.7.2/lib/action_dispatch/middleware/templates/rescues/_request_and_response.html.erb
  Rendered /Users/hirano-masakazu/.rbenv/versions/2.5.1/lib/ruby/gems/2.5.0/gems/actionpack-5.0.7.2/lib/action_dispatch/middleware/templates/rescues/_request_and_response.html.erb (1.4ms)
  Rendered /Users/hirano-masakazu/.rbenv/versions/2.5.1/lib/ruby/gems/2.5.0/gems/actionpack-5.0.7.2/lib/action_dispatch/middleware/templates/rescues/routing_error.html.erb within rescues/layout (177.7ms)
Started GET "/" for ::1 at 2020-04-21 11:30:26 +0900
Processing by MessagesController#index as HTML
  [1m[36mUser Load (0.9ms)[0m  [1m[34mSELECT  `users`.* FROM `users` WHERE `users`.`id` = 1 ORDER BY `users`.`id` ASC LIMIT 1[0m
  Rendering messages/index.html.haml within layouts/application
  Rendered messages/_side_bar.html.haml (6.7ms)
  Rendered messages/_main_chat.html.haml (9.8ms)
  Rendered messages/index.html.haml within layouts/application (27.6ms)
Completed 200 OK in 101ms (Views: 92.9ms | ActiveRecord: 0.9ms)


Started GET "/" for ::1 at 2020-04-21 11:30:49 +0900
Processing by MessagesController#index as HTML
  [1m[36mUser Load (0.4ms)[0m  [1m[34mSELECT  `users`.* FROM `users` WHERE `users`.`id` = 1 ORDER BY `users`.`id` ASC LIMIT 1[0m
  Rendering messages/index.html.haml within layouts/application
  Rendered messages/_side_bar.html.haml (5.0ms)
  Rendered messages/_main_chat.html.haml (8.4ms)
  Rendered messages/index.html.haml within layouts/application (23.6ms)
Completed 200 OK in 91ms (Views: 83.6ms | ActiveRecord: 0.4ms)


Started GET "/users/1/edit" for ::1 at 2020-04-21 11:30:51 +0900
Processing by UsersController#edit as HTML
  Parameters: {"id"=>"1"}
  [1m[36mUser Load (0.3ms)[0m  [1m[34mSELECT  `users`.* FROM `users` WHERE `users`.`id` = 1 ORDER BY `users`.`id` ASC LIMIT 1[0m
  Rendering users/edit.html.haml within layouts/application
  Rendered users/edit.html.haml within layouts/application (8.0ms)
Completed 200 OK in 69ms (Views: 55.7ms | ActiveRecord: 0.3ms)


Started GET "/" for ::1 at 2020-04-21 11:38:22 +0900
Processing by MessagesController#index as HTML
  [1m[36mUser Load (0.4ms)[0m  [1m[34mSELECT  `users`.* FROM `users` WHERE `users`.`id` = 1 ORDER BY `users`.`id` ASC LIMIT 1[0m
  Rendering messages/index.html.haml within layouts/application
  Rendered messages/_side_bar.html.haml (5.6ms)
  Rendered messages/_main_chat.html.haml (11.1ms)
  Rendered messages/index.html.haml within layouts/application (28.4ms)
Completed 200 OK in 125ms (Views: 117.0ms | ActiveRecord: 0.4ms)


Started GET "/users/1/edit" for ::1 at 2020-04-21 11:38:51 +0900
Processing by UsersController#edit as HTML
  Parameters: {"id"=>"1"}
  [1m[36mUser Load (0.8ms)[0m  [1m[34mSELECT  `users`.* FROM `users` WHERE `users`.`id` = 1 ORDER BY `users`.`id` ASC LIMIT 1[0m
  Rendering users/edit.html.haml within layouts/application
  Rendered users/edit.html.haml within layouts/application (8.0ms)
Completed 200 OK in 92ms (Views: 71.4ms | ActiveRecord: 0.8ms)


Started GET "/users/1/edit" for ::1 at 2020-04-21 11:39:23 +0900
Processing by UsersController#edit as HTML
  Parameters: {"id"=>"1"}
  [1m[36mUser Load (15.4ms)[0m  [1m[34mSELECT  `users`.* FROM `users` WHERE `users`.`id` = 1 ORDER BY `users`.`id` ASC LIMIT 1[0m
  Rendering users/edit.html.haml within layouts/application
  Rendered users/edit.html.haml within layouts/application (9.8ms)
Completed 200 OK in 115ms (Views: 79.5ms | ActiveRecord: 15.4ms)


Started GET "/users/1/edit" for ::1 at 2020-04-21 11:39:25 +0900
Processing by UsersController#edit as HTML
  Parameters: {"id"=>"1"}
  [1m[36mUser Load (0.5ms)[0m  [1m[34mSELECT  `users`.* FROM `users` WHERE `users`.`id` = 1 ORDER BY `users`.`id` ASC LIMIT 1[0m
  Rendering users/edit.html.haml within layouts/application
  Rendered users/edit.html.haml within layouts/application (14.6ms)
Completed 200 OK in 78ms (Views: 63.8ms | ActiveRecord: 0.5ms)


Started GET "/users/1/edit" for ::1 at 2020-04-21 11:39:27 +0900
Processing by UsersController#edit as HTML
  Parameters: {"id"=>"1"}
  [1m[36mUser Load (10.2ms)[0m  [1m[34mSELECT  `users`.* FROM `users` WHERE `users`.`id` = 1 ORDER BY `users`.`id` ASC LIMIT 1[0m
  Rendering users/edit.html.haml within layouts/application
  Rendered users/edit.html.haml within layouts/application (9.9ms)
Completed 200 OK in 97ms (Views: 65.3ms | ActiveRecord: 10.2ms)


Started GET "/" for ::1 at 2020-04-21 11:43:45 +0900
Processing by MessagesController#index as HTML
  [1m[36mUser Load (1.1ms)[0m  [1m[34mSELECT  `users`.* FROM `users` WHERE `users`.`id` = 1 ORDER BY `users`.`id` ASC LIMIT 1[0m
  Rendering messages/index.html.haml within layouts/application
  Rendered messages/_side_bar.html.haml (7.5ms)
  Rendered messages/_main_chat.html.haml (34.6ms)
  Rendered messages/index.html.haml within layouts/application (68.8ms)
Completed 200 OK in 203ms (Views: 184.6ms | ActiveRecord: 1.1ms)


Started GET "/users/1/edit" for ::1 at 2020-04-21 11:43:47 +0900
Processing by UsersController#edit as HTML
  Parameters: {"id"=>"1"}
  [1m[36mUser Load (1.1ms)[0m  [1m[34mSELECT  `users`.* FROM `users` WHERE `users`.`id` = 1 ORDER BY `users`.`id` ASC LIMIT 1[0m
  Rendering users/edit.html.haml within layouts/application
  Rendered users/edit.html.haml within layouts/application (10.5ms)
Completed 200 OK in 94ms (Views: 72.0ms | ActiveRecord: 1.1ms)


Started DELETE "/users/sign_out" for ::1 at 2020-04-21 11:43:49 +0900
Processing by Devise::SessionsController#destroy as HTML
  Parameters: {"authenticity_token"=>"mYQbXP7gu5QKBAaFKEbVhy8B5cgNlt54zc5HgREwmDAaU0lKFOXv4zUKqoA/+Jugx8M0sX8UOCoXpQcA0uvz6w=="}
  [1m[36mUser Load (0.4ms)[0m  [1m[34mSELECT  `users`.* FROM `users` WHERE `users`.`id` = 1 ORDER BY `users`.`id` ASC LIMIT 1[0m
  [1m[35m (0.2ms)[0m  [1m[35mBEGIN[0m
  [1m[35m (0.2ms)[0m  [1m[35mCOMMIT[0m
Redirected to http://localhost:3000/
Completed 302 Found in 18ms (ActiveRecord: 0.7ms)


Started GET "/" for ::1 at 2020-04-21 11:43:49 +0900
Processing by MessagesController#index as HTML
Completed 401 Unauthorized in 1ms (ActiveRecord: 0.0ms)


Started GET "/users/sign_in" for ::1 at 2020-04-21 11:43:49 +0900
Processing by Devise::SessionsController#new as HTML
  Rendering devise/sessions/new.html.haml within layouts/application
  Rendered devise/shared/_links.html.haml (2.6ms)
  Rendered devise/sessions/new.html.haml within layouts/application (21.5ms)
Completed 200 OK in 87ms (Views: 85.3ms | ActiveRecord: 0.0ms)


Started POST "/users/sign_in" for ::1 at 2020-04-21 11:44:02 +0900
Processing by Devise::SessionsController#create as HTML
  Parameters: {"utf8"=>"✓", "authenticity_token"=>"blZWZQJz+pBQEfHcuA0SkFkrWn72Tzf2cV5DLjKtkvw1dTmUtNa+A+c1FXLHeiDCBFTVX2RYO12GHwLQUSXk8g==", "user"=>{"email"=>"123@gmail.com", "password"=>"[FILTERED]"}, "commit"=>"Log in"}
  [1m[36mUser Load (0.5ms)[0m  [1m[34mSELECT  `users`.* FROM `users` WHERE `users`.`email` = '123@gmail.com' ORDER BY `users`.`id` ASC LIMIT 1[0m
Redirected to http://localhost:3000/
Completed 302 Found in 157ms (ActiveRecord: 0.5ms)


Started GET "/" for ::1 at 2020-04-21 11:44:02 +0900
Processing by MessagesController#index as HTML
  [1m[36mUser Load (0.4ms)[0m  [1m[34mSELECT  `users`.* FROM `users` WHERE `users`.`id` = 1 ORDER BY `users`.`id` ASC LIMIT 1[0m
  Rendering messages/index.html.haml within layouts/application
  Rendered messages/_side_bar.html.haml (6.4ms)
  Rendered messages/_main_chat.html.haml (26.0ms)
  Rendered messages/index.html.haml within layouts/application (44.3ms)
Completed 200 OK in 136ms (Views: 130.0ms | ActiveRecord: 0.4ms)


Started GET "/" for ::1 at 2020-04-21 11:49:11 +0900
Processing by MessagesController#index as HTML
  [1m[36mUser Load (0.5ms)[0m  [1m[34mSELECT  `users`.* FROM `users` WHERE `users`.`id` = 1 ORDER BY `users`.`id` ASC LIMIT 1[0m
  Rendering messages/index.html.haml within layouts/application
  Rendered messages/_side_bar.html.haml (4.8ms)
  Rendered messages/_main_chat.html.haml (10.2ms)
  Rendered messages/index.html.haml within layouts/application (25.4ms)
Completed 500 Internal Server Error in 128ms (ActiveRecord: 0.5ms)


  
ActionView::Template::Error (Missing partial leyouts/_notifications with {:locale=>[:en], :formats=>[:html], :variants=>[], :handlers=>[:raw, :erb, :html, :builder, :ruby, :coffee, :jbuilder, :haml]}. Searched in:
  * "/Users/hirano-masakazu/projects/chat-space/app/views"
  * "/Users/hirano-masakazu/.rbenv/versions/2.5.1/lib/ruby/gems/2.5.0/gems/devise-4.7.1/app/views"
):
     7:     = stylesheet_link_tag    'application', media: 'all', 'data-turbolinks-track': 'reload'
     8:     = javascript_include_tag 'application', 'data-turbolinks-track': 'reload'
     9:   %body
    10:     = render 'leyouts/notifications'
    11:     = yield
  
app/views/layouts/application.html.haml:10:in `_app_views_layouts_application_html_haml__327160120893958060_70361098495300'
  Rendering /Users/hirano-masakazu/.rbenv/versions/2.5.1/lib/ruby/gems/2.5.0/gems/actionpack-5.0.7.2/lib/action_dispatch/middleware/templates/rescues/template_error.html.erb within rescues/layout
  Rendering /Users/hirano-masakazu/.rbenv/versions/2.5.1/lib/ruby/gems/2.5.0/gems/actionpack-5.0.7.2/lib/action_dispatch/middleware/templates/rescues/_source.html.erb
  Rendered /Users/hirano-masakazu/.rbenv/versions/2.5.1/lib/ruby/gems/2.5.0/gems/actionpack-5.0.7.2/lib/action_dispatch/middleware/templates/rescues/_source.html.erb (4.1ms)
  Rendering /Users/hirano-masakazu/.rbenv/versions/2.5.1/lib/ruby/gems/2.5.0/gems/actionpack-5.0.7.2/lib/action_dispatch/middleware/templates/rescues/_trace.html.erb
  Rendered /Users/hirano-masakazu/.rbenv/versions/2.5.1/lib/ruby/gems/2.5.0/gems/actionpack-5.0.7.2/lib/action_dispatch/middleware/templates/rescues/_trace.html.erb (2.4ms)
  Rendering /Users/hirano-masakazu/.rbenv/versions/2.5.1/lib/ruby/gems/2.5.0/gems/actionpack-5.0.7.2/lib/action_dispatch/middleware/templates/rescues/_request_and_response.html.erb
  Rendered /Users/hirano-masakazu/.rbenv/versions/2.5.1/lib/ruby/gems/2.5.0/gems/actionpack-5.0.7.2/lib/action_dispatch/middleware/templates/rescues/_request_and_response.html.erb (0.8ms)
  Rendered /Users/hirano-masakazu/.rbenv/versions/2.5.1/lib/ruby/gems/2.5.0/gems/actionpack-5.0.7.2/lib/action_dispatch/middleware/templates/rescues/template_error.html.erb within rescues/layout (174.8ms)
Started GET "/" for ::1 at 2020-04-21 11:49:24 +0900
Processing by MessagesController#index as HTML
  [1m[36mUser Load (0.4ms)[0m  [1m[34mSELECT  `users`.* FROM `users` WHERE `users`.`id` = 1 ORDER BY `users`.`id` ASC LIMIT 1[0m
  Rendering messages/index.html.haml within layouts/application
  Rendered messages/_side_bar.html.haml (6.4ms)
  Rendered messages/_main_chat.html.haml (8.0ms)
  Rendered messages/index.html.haml within layouts/application (24.8ms)
  Rendered layouts/_notifications.html.haml (2.4ms)
Completed 200 OK in 96ms (Views: 88.5ms | ActiveRecord: 0.4ms)


Started GET "/" for ::1 at 2020-04-21 12:02:10 +0900
  [1m[36mActiveRecord::SchemaMigration Load (0.7ms)[0m  [1m[34mSELECT `schema_migrations`.* FROM `schema_migrations`[0m
Processing by MessagesController#index as HTML
  [1m[36mUser Load (0.8ms)[0m  [1m[34mSELECT  `users`.* FROM `users` WHERE `users`.`id` = 1 ORDER BY `users`.`id` ASC LIMIT 1[0m
  Rendering messages/index.html.haml within layouts/application
  Rendered messages/_side_bar.html.haml (6.8ms)
  Rendered messages/_main_chat.html.haml (12.4ms)
  Rendered messages/index.html.haml within layouts/application (47.9ms)
Completed 500 Internal Server Error in 1714ms (ActiveRecord: 7.7ms)


  
ActionView::Template::Error (File to import not found or unreadable: module/flash.
Load paths:
  /Users/hirano-masakazu/projects/chat-space/app/assets/config
  /Users/hirano-masakazu/projects/chat-space/app/assets/images
  /Users/hirano-masakazu/projects/chat-space/app/assets/javascripts
  /Users/hirano-masakazu/projects/chat-space/app/assets/stylesheets
  /Users/hirano-masakazu/projects/chat-space/vendor/assets/javascripts
  /Users/hirano-masakazu/projects/chat-space/vendor/assets/stylesheets
  /Users/hirano-masakazu/.rbenv/versions/2.5.1/lib/ruby/gems/2.5.0/gems/jquery-rails-4.3.5/vendor/assets/javascripts
  /Users/hirano-masakazu/.rbenv/versions/2.5.1/lib/ruby/gems/2.5.0/gems/coffee-rails-4.2.2/lib/assets/javascripts
  /Users/hirano-masakazu/.rbenv/versions/2.5.1/lib/ruby/gems/2.5.0/gems/actioncable-5.0.7.2/lib/assets/compiled
  /Users/hirano-masakazu/.rbenv/versions/2.5.1/lib/ruby/gems/2.5.0/gems/turbolinks-source-5.2.0/lib/assets/javascripts
  /Users/hirano-masakazu/.rbenv/versions/2.5.1/lib/ruby/gems/2.5.0/gems/font-awesome-sass-5.12.0/assets/stylesheets
  /Users/hirano-masakazu/.rbenv/versions/2.5.1/lib/ruby/gems/2.5.0/gems/font-awesome-sass-5.12.0/assets/fonts):
    4:     %meta{content: "text/html; charset=UTF-8", "http-equiv": "Content-Type"}/
    5:     %title ChatSpace
    6:     = csrf_meta_tags
    7:     = stylesheet_link_tag    'application', media: 'all', 'data-turbolinks-track': 'reload'
    8:     = javascript_include_tag 'application', 'data-turbolinks-track': 'reload'
    9:   %body
   10:     = render 'layouts/notifications'
  
app/assets/stylesheets/application.scss:7
app/views/layouts/application.html.haml:7:in `_app_views_layouts_application_html_haml__107161000408855513_70226201552520'
  Rendering /Users/hirano-masakazu/.rbenv/versions/2.5.1/lib/ruby/gems/2.5.0/gems/actionpack-5.0.7.2/lib/action_dispatch/middleware/templates/rescues/template_error.html.erb within rescues/layout
  Rendering /Users/hirano-masakazu/.rbenv/versions/2.5.1/lib/ruby/gems/2.5.0/gems/actionpack-5.0.7.2/lib/action_dispatch/middleware/templates/rescues/_source.html.erb
  Rendered /Users/hirano-masakazu/.rbenv/versions/2.5.1/lib/ruby/gems/2.5.0/gems/actionpack-5.0.7.2/lib/action_dispatch/middleware/templates/rescues/_source.html.erb (6.2ms)
  Rendering /Users/hirano-masakazu/.rbenv/versions/2.5.1/lib/ruby/gems/2.5.0/gems/actionpack-5.0.7.2/lib/action_dispatch/middleware/templates/rescues/_trace.html.erb
  Rendered /Users/hirano-masakazu/.rbenv/versions/2.5.1/lib/ruby/gems/2.5.0/gems/actionpack-5.0.7.2/lib/action_dispatch/middleware/templates/rescues/_trace.html.erb (2.3ms)
  Rendering /Users/hirano-masakazu/.rbenv/versions/2.5.1/lib/ruby/gems/2.5.0/gems/actionpack-5.0.7.2/lib/action_dispatch/middleware/templates/rescues/_request_and_response.html.erb
  Rendered /Users/hirano-masakazu/.rbenv/versions/2.5.1/lib/ruby/gems/2.5.0/gems/actionpack-5.0.7.2/lib/action_dispatch/middleware/templates/rescues/_request_and_response.html.erb (0.8ms)
  Rendered /Users/hirano-masakazu/.rbenv/versions/2.5.1/lib/ruby/gems/2.5.0/gems/actionpack-5.0.7.2/lib/action_dispatch/middleware/templates/rescues/template_error.html.erb within rescues/layout (190.7ms)
Started GET "/" for ::1 at 2020-04-21 12:03:45 +0900
Processing by MessagesController#index as HTML
  [1m[36mUser Load (0.6ms)[0m  [1m[34mSELECT  `users`.* FROM `users` WHERE `users`.`id` = 1 ORDER BY `users`.`id` ASC LIMIT 1[0m
  Rendering messages/index.html.haml within layouts/application
  Rendered messages/_side_bar.html.haml (4.7ms)
  Rendered messages/_main_chat.html.haml (8.2ms)
  Rendered messages/index.html.haml within layouts/application (25.2ms)
  Rendered layouts/_notifications.html.haml (1.9ms)
Completed 200 OK in 1810ms (Views: 1801.9ms | ActiveRecord: 0.6ms)


Started GET "/users/1/edit" for ::1 at 2020-04-21 12:03:57 +0900
Processing by UsersController#edit as HTML
  Parameters: {"id"=>"1"}
  [1m[36mUser Load (0.4ms)[0m  [1m[34mSELECT  `users`.* FROM `users` WHERE `users`.`id` = 1 ORDER BY `users`.`id` ASC LIMIT 1[0m
  Rendering users/edit.html.haml within layouts/application
  Rendered users/edit.html.haml within layouts/application (62.3ms)
  Rendered layouts/_notifications.html.haml (2.1ms)
Completed 200 OK in 132ms (Views: 117.0ms | ActiveRecord: 0.4ms)


Started DELETE "/users/sign_out" for ::1 at 2020-04-21 12:03:59 +0900
Processing by Devise::SessionsController#destroy as HTML
  Parameters: {"authenticity_token"=>"Ammmga+AMcsc2ye0Geb4xVoRXmFzWcxCM26SQrgnBZyFmS/h4Y49CNatZCgpXE+X7tRcxIpUmOL89+g4+A0pdQ=="}
  [1m[36mUser Load (0.3ms)[0m  [1m[34mSELECT  `users`.* FROM `users` WHERE `users`.`id` = 1 ORDER BY `users`.`id` ASC LIMIT 1[0m
  [1m[35m (0.2ms)[0m  [1m[35mBEGIN[0m
  [1m[35m (0.4ms)[0m  [1m[35mCOMMIT[0m
Redirected to http://localhost:3000/
Completed 302 Found in 17ms (ActiveRecord: 0.9ms)


Started GET "/" for ::1 at 2020-04-21 12:03:59 +0900
Processing by MessagesController#index as HTML
Completed 401 Unauthorized in 3ms (ActiveRecord: 0.0ms)


Started GET "/users/sign_in" for ::1 at 2020-04-21 12:03:59 +0900
Processing by Devise::SessionsController#new as HTML
  Rendering devise/sessions/new.html.haml within layouts/application
  Rendered devise/shared/_links.html.haml (2.9ms)
  Rendered devise/sessions/new.html.haml within layouts/application (21.8ms)
  Rendered layouts/_notifications.html.haml (3.0ms)
Completed 200 OK in 91ms (Views: 90.3ms | ActiveRecord: 0.0ms)


Started POST "/users/sign_in" for ::1 at 2020-04-21 12:04:16 +0900
Processing by Devise::SessionsController#create as HTML
  Parameters: {"utf8"=>"✓", "authenticity_token"=>"pw0YAuaHtQ7frQ1aNmeZF3BL/0sQA+Z7Z+wQsSGeyTHAdhnk3VN99olAdAotqZiESKUjx+9sJs0/PD1TpZwPvA==", "user"=>{"email"=>"123@gmail.com", "password"=>"[FILTERED]"}, "commit"=>"Log in"}
  [1m[36mUser Load (0.5ms)[0m  [1m[34mSELECT  `users`.* FROM `users` WHERE `users`.`email` = '123@gmail.com' ORDER BY `users`.`id` ASC LIMIT 1[0m
Redirected to http://localhost:3000/
Completed 302 Found in 225ms (ActiveRecord: 0.5ms)


Started GET "/" for ::1 at 2020-04-21 12:04:16 +0900
Processing by MessagesController#index as HTML
  [1m[36mUser Load (0.6ms)[0m  [1m[34mSELECT  `users`.* FROM `users` WHERE `users`.`id` = 1 ORDER BY `users`.`id` ASC LIMIT 1[0m
  Rendering messages/index.html.haml within layouts/application
  Rendered messages/_side_bar.html.haml (6.4ms)
  Rendered messages/_main_chat.html.haml (8.5ms)
  Rendered messages/index.html.haml within layouts/application (25.5ms)
  Rendered layouts/_notifications.html.haml (2.4ms)
Completed 200 OK in 84ms (Views: 77.7ms | ActiveRecord: 0.6ms)


Started GET "/" for ::1 at 2020-04-21 12:04:21 +0900
Processing by MessagesController#index as HTML
  [1m[36mUser Load (0.3ms)[0m  [1m[34mSELECT  `users`.* FROM `users` WHERE `users`.`id` = 1 ORDER BY `users`.`id` ASC LIMIT 1[0m
  Rendering messages/index.html.haml within layouts/application
  Rendered messages/_side_bar.html.haml (4.2ms)
  Rendered messages/_main_chat.html.haml (9.8ms)
  Rendered messages/index.html.haml within layouts/application (22.6ms)
  Rendered layouts/_notifications.html.haml (3.2ms)
Completed 200 OK in 80ms (Views: 74.0ms | ActiveRecord: 0.3ms)


Started GET "/users/sign_up" for ::1 at 2020-04-21 12:05:06 +0900
Processing by Devise::RegistrationsController#new as HTML
  [1m[36mUser Load (0.3ms)[0m  [1m[34mSELECT  `users`.* FROM `users` WHERE `users`.`id` = 1 ORDER BY `users`.`id` ASC LIMIT 1[0m
Redirected to http://localhost:3000/
Filter chain halted as :require_no_authentication rendered or redirected
Completed 302 Found in 3ms (ActiveRecord: 0.3ms)


Started GET "/" for ::1 at 2020-04-21 12:05:06 +0900
Processing by MessagesController#index as HTML
  [1m[36mUser Load (0.3ms)[0m  [1m[34mSELECT  `users`.* FROM `users` WHERE `users`.`id` = 1 ORDER BY `users`.`id` ASC LIMIT 1[0m
  Rendering messages/index.html.haml within layouts/application
  Rendered messages/_side_bar.html.haml (4.7ms)
  Rendered messages/_main_chat.html.haml (9.7ms)
  Rendered messages/index.html.haml within layouts/application (25.3ms)
  Rendered layouts/_notifications.html.haml (2.2ms)
Completed 200 OK in 112ms (Views: 105.1ms | ActiveRecord: 0.3ms)


Started GET "/" for ::1 at 2020-04-21 12:05:09 +0900
Processing by MessagesController#index as HTML
  [1m[36mUser Load (0.6ms)[0m  [1m[34mSELECT  `users`.* FROM `users` WHERE `users`.`id` = 1 ORDER BY `users`.`id` ASC LIMIT 1[0m
  Rendering messages/index.html.haml within layouts/application
  Rendered messages/_side_bar.html.haml (5.6ms)
  Rendered messages/_main_chat.html.haml (8.6ms)
  Rendered messages/index.html.haml within layouts/application (23.1ms)
  Rendered layouts/_notifications.html.haml (2.3ms)
Completed 200 OK in 91ms (Views: 82.0ms | ActiveRecord: 0.6ms)


